<?xml version="1.0" encoding="UTF-8"?>
<!-- Generated by org.testng.reporters.JUnitReportReporter -->
<testsuite hostname="DESKTOP-T8K7OSR" name="com.appium.tasks.SampleExample1" tests="1" failures="0" timestamp="26 Dec 2019 03:57:42 GMT" time="49.828" errors="0">
  <testcase name="baseOperation" time="49.828" classname="com.appium.tasks.SampleExample1"/>
</testsuite> <!-- com.appium.tasks.SampleExample1 -->
