<?xml version="1.0" encoding="UTF-8"?>
<!-- Generated by org.testng.reporters.JUnitReportReporter -->
<testsuite hostname="DESKTOP-T8K7OSR" name="com.appium.tasks.SampleExample2" tests="1" failures="0" timestamp="25 Dec 2019 10:21:46 GMT" time="23.809" errors="0">
  <testcase name="androdUIAutomator" time="23.809" classname="com.appium.tasks.SampleExample2"/>
</testsuite> <!-- com.appium.tasks.SampleExample2 -->
