<?xml version="1.0" encoding="UTF-8"?>
<!-- Generated by org.testng.reporters.JUnitReportReporter -->
<testsuite hostname="DESKTOP-T8K7OSR" name="com.appium.testscripts.TC001_HomePageTest" tests="2" failures="0" timestamp="6 Jan 2020 16:12:21 GMT" time="58.189" errors="0">
  <testcase name="sampleOperation" time="32.062" classname="com.appium.testscripts.TC001_HomePageTest"/>
  <testcase name="launchAppium" time="26.127" classname="com.appium.testscripts.TC001_HomePageTest"/>
</testsuite> <!-- com.appium.testscripts.TC001_HomePageTest -->
