<?xml version="1.0" encoding="UTF-8"?>
<!-- Generated by org.testng.reporters.JUnitReportReporter -->
<testsuite hostname="DESKTOP-T8K7OSR" name="com.appium.testscripts.TC001_HomePageTest" tests="2" failures="0" timestamp="5 Jan 2020 05:17:50 GMT" time="174.294" errors="0">
  <testcase name="launchAppium" time="121.609" classname="com.appium.testscripts.TC001_HomePageTest"/>
  <testcase name="sampleOperation" time="52.685" classname="com.appium.testscripts.TC001_HomePageTest"/>
</testsuite> <!-- com.appium.testscripts.TC001_HomePageTest -->
