<?xml version="1.0" encoding="UTF-8"?>
<!-- Generated by org.testng.reporters.JUnitReportReporter -->
<testsuite hostname="DESKTOP-T8K7OSR" name="com.appium.tasks.MobileGestures" tests="2" failures="0" timestamp="28 Dec 2019 00:14:30 GMT" time="91.066" errors="0">
  <testcase name="swipeOperations" time="43.566" classname="com.appium.tasks.MobileGestures"/>
  <testcase name="sampleTest1" time="47.500" classname="com.appium.tasks.MobileGestures"/>
</testsuite> <!-- com.appium.tasks.MobileGestures -->
