<?xml version="1.0" encoding="UTF-8"?>
<!-- Generated by org.testng.reporters.JUnitReportReporter -->
<testsuite hostname="DESKTOP-T8K7OSR" name="com.appium.tasks.AppLaunchExample" tests="1" failures="0" timestamp="25 Dec 2019 04:52:20 GMT" time="0.004" errors="0">
  <testcase name="performAppTest" time="0.004" classname="com.appium.tasks.AppLaunchExample"/>
</testsuite> <!-- com.appium.tasks.AppLaunchExample -->
