<?xml version="1.0" encoding="UTF-8"?>
<!-- Generated by org.testng.reporters.JUnitReportReporter -->
<testsuite hostname="DESKTOP-T8K7OSR" name="com.appium.testscripts.TC001_HomePageTest" tests="2" failures="0" timestamp="7 Jan 2020 01:40:42 GMT" time="180.645" errors="0">
  <testcase name="sampleOperation" time="134.363" classname="com.appium.testscripts.TC001_HomePageTest"/>
  <testcase name="launchAppium" time="46.282" classname="com.appium.testscripts.TC001_HomePageTest"/>
</testsuite> <!-- com.appium.testscripts.TC001_HomePageTest -->
