<?xml version="1.0" encoding="UTF-8"?>
<!-- Generated by org.testng.reporters.JUnitReportReporter -->
<testsuite hostname="DESKTOP-T8K7OSR" name="com.appium.ecommerce.LoginForm" tests="1" failures="0" timestamp="28 Dec 2019 10:55:05 GMT" time="37.462" errors="0">
  <testcase name="loginTest" time="37.462" classname="com.appium.ecommerce.LoginForm"/>
</testsuite> <!-- com.appium.ecommerce.LoginForm -->
